# JRE version: OpenJDK Runtime Environment (15.0.1+9) (build 15.0.1+9-18)
# Java VM: OpenJDK 64-Bit Server VM (15.0.1+9-18, mixed mode, tiered, compressed oops, g1 gc, windows-amd64)
GC Precious Log:
 CPUs: 6 total, 6 available
 Memory: 12084M
 Large Page Support: Disabled
 NUMA Support: Disabled
 Compressed Oops: Enabled (Zero based)
 Heap Region Size: 2M
 Heap Min Capacity: 8M
 Heap Initial Capacity: 190M
 Heap Max Capacity: 3022M
 Pre-touch: Disabled
 Parallel Workers: 6
 Concurrent Workers: 2
 Concurrent Refinement Workers: 6
 Periodic GC: Disabled
Heap:
 garbage-first heap   total 96256K, used 61302K [0x0000000743200000, 0x0000000800000000)
  region size 2048K, 19 young (38912K), 2 survivors (4096K)
 Metaspace       used 80103K, capacity 80758K, committed 81024K, reserved 1120256K
  class space    used 9594K, capacity 9819K, committed 9856K, reserved 1048576K
GC Heap History (20 events):
Event: 4.561 GC heap before
{Heap before GC invocations=18 (full 0):
 garbage-first heap   total 81920K, used 58426K [0x0000000743200000, 0x0000000800000000)
  region size 2048K, 24 young (49152K), 3 survivors (6144K)
 Metaspace       used 54464K, capacity 54950K, committed 55168K, reserved 1097728K
  class space    used 6306K, capacity 6504K, committed 6528K, reserved 1048576K
}
Event: 4.565 GC heap after
{Heap after GC invocations=19 (full 0):
 garbage-first heap   total 81920K, used 18183K [0x0000000743200000, 0x0000000800000000)
  region size 2048K, 2 young (4096K), 2 survivors (4096K)
 Metaspace       used 54464K, capacity 54950K, committed 55168K, reserved 1097728K
  class space    used 6306K, capacity 6504K, committed 6528K, reserved 1048576K
}
Event: 4.826 GC heap before
{Heap before GC invocations=19 (full 0):
 garbage-first heap   total 81920K, used 61191K [0x0000000743200000, 0x0000000800000000)
  region size 2048K, 24 young (49152K), 2 survivors (4096K)
 Metaspace       used 58705K, capacity 59140K, committed 59264K, reserved 1101824K
  class space    used 6849K, capacity 7022K, committed 7040K, reserved 1048576K
}
Event: 4.830 GC heap after
{Heap after GC invocations=20 (full 0):
 garbage-first heap   total 81920K, used 19770K [0x0000000743200000, 0x0000000800000000)
  region size 2048K, 2 young (4096K), 2 survivors (4096K)
 Metaspace       used 58705K, capacity 59140K, committed 59264K, reserved 1101824K
  class space    used 6849K, capacity 7022K, committed 7040K, reserved 1048576K
}
Event: 4.888 GC heap before
{Heap before GC invocations=20 (full 0):
 garbage-first heap   total 81920K, used 23866K [0x0000000743200000, 0x0000000800000000)
  region size 2048K, 6 young (12288K), 2 survivors (4096K)
 Metaspace       used 59623K, capacity 60074K, committed 60160K, reserved 1101824K
  class space    used 6950K, capacity 7119K, committed 7168K, reserved 1048576K
}
Event: 4.891 GC heap after
{Heap after GC invocations=21 (full 0):
 garbage-first heap   total 81920K, used 20252K [0x0000000743200000, 0x0000000800000000)
  region size 2048K, 2 young (4096K), 2 survivors (4096K)
 Metaspace       used 59623K, capacity 60074K, committed 60160K, reserved 1101824K
  class space    used 6950K, capacity 7119K, committed 7168K, reserved 1048576K
}
Event: 5.236 GC heap before
{Heap before GC invocations=22 (full 0):
 garbage-first heap   total 81920K, used 65308K [0x0000000743200000, 0x0000000800000000)
  region size 2048K, 24 young (49152K), 2 survivors (4096K)
 Metaspace       used 63310K, capacity 63884K, committed 64128K, reserved 1105920K
  class space    used 7614K, capacity 7806K, committed 7808K, reserved 1048576K
}
Event: 5.239 GC heap after
{Heap after GC invocations=23 (full 0):
 garbage-first heap   total 98304K, used 20846K [0x0000000743200000, 0x0000000800000000)
  region size 2048K, 2 young (4096K), 2 survivors (4096K)
 Metaspace       used 63310K, capacity 63884K, committed 64128K, reserved 1105920K
  class space    used 7614K, capacity 7806K, committed 7808K, reserved 1048576K
}
Event: 5.751 GC heap before
{Heap before GC invocations=23 (full 0):
 garbage-first heap   total 98304K, used 72046K [0x0000000743200000, 0x0000000800000000)
  region size 2048K, 28 young (57344K), 2 survivors (4096K)
 Metaspace       used 68011K, capacity 68542K, committed 68608K, reserved 1110016K
  class space    used 8238K, capacity 8419K, committed 8448K, reserved 1048576K
}
Event: 5.755 GC heap after
{Heap after GC invocations=24 (full 0):
 garbage-first heap   total 98304K, used 22796K [0x0000000743200000, 0x0000000800000000)
  region size 2048K, 3 young (6144K), 3 survivors (6144K)
 Metaspace       used 68011K, capacity 68542K, committed 68608K, reserved 1110016K
  class space    used 8238K, capacity 8419K, committed 8448K, reserved 1048576K
}
Event: 6.230 GC heap before
{Heap before GC invocations=24 (full 0):
 garbage-first heap   total 98304K, used 73996K [0x0000000743200000, 0x0000000800000000)
  region size 2048K, 28 young (57344K), 3 survivors (6144K)
 Metaspace       used 71130K, capacity 71687K, committed 71808K, reserved 1112064K
  class space    used 8636K, capacity 8820K, committed 8832K, reserved 1048576K
}
Event: 6.241 GC heap after
{Heap after GC invocations=25 (full 0):
 garbage-first heap   total 98304K, used 25754K [0x0000000743200000, 0x0000000800000000)
  region size 2048K, 3 young (6144K), 3 survivors (6144K)
 Metaspace       used 71130K, capacity 71687K, committed 71808K, reserved 1112064K
  class space    used 8636K, capacity 8820K, committed 8832K, reserved 1048576K
}
Event: 15.941 GC heap before
{Heap before GC invocations=25 (full 0):
 garbage-first heap   total 98304K, used 76954K [0x0000000743200000, 0x0000000800000000)
  region size 2048K, 28 young (57344K), 3 survivors (6144K)
 Metaspace       used 76068K, capacity 76627K, committed 76800K, reserved 1116160K
  class space    used 9221K, capacity 9399K, committed 9472K, reserved 1048576K
}
Event: 15.950 GC heap after
{Heap after GC invocations=26 (full 0):
 garbage-first heap   total 98304K, used 28508K [0x0000000743200000, 0x0000000800000000)
  region size 2048K, 3 young (6144K), 3 survivors (6144K)
 Metaspace       used 76068K, capacity 76627K, committed 76800K, reserved 1116160K
  class space    used 9221K, capacity 9399K, committed 9472K, reserved 1048576K
}
Event: 64.612 GC heap before
{Heap before GC invocations=26 (full 0):
 garbage-first heap   total 98304K, used 57180K [0x0000000743200000, 0x0000000800000000)
  region size 2048K, 19 young (38912K), 3 survivors (6144K)
 Metaspace       used 79034K, capacity 79617K, committed 79744K, reserved 1120256K
  class space    used 9561K, capacity 9766K, committed 9856K, reserved 1048576K
}
Event: 64.646 GC heap after
{Heap after GC invocations=27 (full 1):
 garbage-first heap   total 96256K, used 24764K [0x0000000743200000, 0x0000000800000000)
  region size 2048K, 0 young (0K), 0 survivors (0K)
 Metaspace       used 79034K, capacity 79617K, committed 79744K, reserved 1120256K
  class space    used 9561K, capacity 9766K, committed 9856K, reserved 1048576K
}
Event: 64.967 GC heap before
{Heap before GC invocations=27 (full 1):
 garbage-first heap   total 96256K, used 71868K [0x0000000743200000, 0x0000000800000000)
  region size 2048K, 24 young (49152K), 0 survivors (0K)
 Metaspace       used 79342K, capacity 79993K, committed 80256K, reserved 1120256K
  class space    used 9571K, capacity 9806K, committed 9856K, reserved 1048576K
}
Event: 64.970 GC heap after
{Heap after GC invocations=28 (full 1):
 garbage-first heap   total 96256K, used 27544K [0x0000000743200000, 0x0000000800000000)
  region size 2048K, 2 young (4096K), 2 survivors (4096K)
 Metaspace       used 79342K, capacity 79993K, committed 80256K, reserved 1120256K
  class space    used 9571K, capacity 9806K, committed 9856K, reserved 1048576K
}
Event: 65.314 GC heap before
{Heap before GC invocations=28 (full 1):
 garbage-first heap   total 96256K, used 70552K [0x0000000743200000, 0x0000000800000000)
  region size 2048K, 24 young (49152K), 2 survivors (4096K)
 Metaspace       used 79761K, capacity 80457K, committed 80512K, reserved 1120256K
  class space    used 9583K, capacity 9809K, committed 9856K, reserved 1048576K
}
Event: 65.318 GC heap after
{Heap after GC invocations=29 (full 1):
 garbage-first heap   total 96256K, used 28534K [0x0000000743200000, 0x0000000800000000)
  region size 2048K, 2 young (4096K), 2 survivors (4096K)
 Metaspace       used 79761K, capacity 80457K, committed 80512K, reserved 1120256K
  class space    used 9583K, capacity 9809K, committed 9856K, reserved 1048576K
}

